<?xml version="1.0" encoding="UTF-8"?>
<testng-results skipped="0" failed="0" total="1" passed="1">
  <reporter-output>
  </reporter-output>
  <suite name="Default suite" duration-ms="14199" started-at="2021-07-12T18:22:24Z" finished-at="2021-07-12T18:22:38Z">
    <groups>
    </groups>
    <test name="Default test" duration-ms="14199" started-at="2021-07-12T18:22:24Z" finished-at="2021-07-12T18:22:38Z">
      <class name="FrameworkImplementation.SignPage_Pom_TestNG">
        <test-method status="PASS" signature="setupTest()[pri:0, instance:FrameworkImplementation.SignPage_Pom_TestNG@27c20538]" name="setupTest" is-config="true" duration-ms="5398" started-at="2021-07-13T00:22:24Z" finished-at="2021-07-13T00:22:29Z">
          <reporter-output>
          </reporter-output>
        </test-method> <!-- setupTest -->
        <test-method status="PASS" signature="test()[pri:0, instance:FrameworkImplementation.SignPage_Pom_TestNG@27c20538]" name="test" duration-ms="8502" started-at="2021-07-13T00:22:29Z" finished-at="2021-07-13T00:22:38Z">
          <reporter-output>
          </reporter-output>
        </test-method> <!-- test -->
        <test-method status="PASS" signature="tearDown()[pri:0, instance:FrameworkImplementation.SignPage_Pom_TestNG@27c20538]" name="tearDown" is-config="true" duration-ms="275" started-at="2021-07-13T00:22:38Z" finished-at="2021-07-13T00:22:38Z">
          <reporter-output>
          </reporter-output>
        </test-method> <!-- tearDown -->
      </class> <!-- FrameworkImplementation.SignPage_Pom_TestNG -->
    </test> <!-- Default test -->
  </suite> <!-- Default suite -->
</testng-results>
